<html>
<head>
<title>TestNG:  Nopackage</title>
<link href="../testng.css" rel="stylesheet" type="text/css" />
<link href="../my-testng.css" rel="stylesheet" type="text/css" />

<style type="text/css">
.log { display: none;} 
.stack-trace { display: none;} 
</style>
<script type="text/javascript">
<!--
function flip(e) {
  current = e.style.display;
  if (current == 'block') {
    e.style.display = 'none';
    return 0;
  }
  else {
    e.style.display = 'block';
    return 1;
  }
}

function toggleBox(szDivId, elem, msg1, msg2)
{
  var res = -1;  if (document.getElementById) {
    res = flip(document.getElementById(szDivId));
  }
  else if (document.all) {
    // this is the way old msie versions work
    res = flip(document.all[szDivId]);
  }
  if(elem) {
    if(res == 0) elem.innerHTML = msg1; else elem.innerHTML = msg2;
  }

}

function toggleAllBoxes() {
  if (document.getElementsByTagName) {
    d = document.getElementsByTagName('div');
    for (i = 0; i < d.length; i++) {
      if (d[i].className == 'log') {
        flip(d[i]);
      }
    }
  }
}

// -->
</script>

</head>
<body>
<h2 align='center'>Nopackage</h2><table border='1' align="center">
<tr>
<td>Tests passed/Failed/Skipped:</td><td>4/1/8</td>
</tr><tr>
<td>Started on:</td><td>Mon Jan 25 07:41:24 AEDT 2016</td>
</tr>
<tr><td>Total time:</td><td>101 seconds (101258 ms)</td>
</tr><tr>
<td>Included groups:</td><td></td>
</tr><tr>
<td>Excluded groups:</td><td></td>
</tr>
</table><p/>
<small><i>(Hover the method name to see the test class name)</i></small><p/>
<table width='100%' border='1' class='invocation-failed'>
<tr><td colspan='4' align='center'><b>FAILED CONFIGURATIONS</b></td></tr>
<tr><td><b>Test method</b></td>
<td width="30%"><b>Exception</b></td>
<td width="10%"><b>Time (seconds)</b></td>
<td><b>Instance</b></td>
</tr>
<tr>
<td title='com.thomas.domain.testcases.VerifyTopNavlnks.teardown()'><b>teardown</b><br>Test class: com.thomas.domain.testcases.VerifyTopNavlnks</td>
<td><div><pre>org.openqa.selenium.remote.UnreachableBrowserException: Error communicating with the remote browser. It may have died.
Build info: version: &apos;2.49.1&apos;, revision: &apos;808c23b0963853d375cbe54b90bbd052e2528a54&apos;, time: &apos;2016-01-21 09:37:52&apos;
System info: host: &apos;hp&apos;, ip: &apos;192.168.1.7&apos;, os.name: &apos;Windows 10&apos;, os.arch: &apos;amd64&apos;, os.version: &apos;10.0&apos;, java.version: &apos;1.8.0_60&apos;
Driver info: driver.version: RemoteWebDriver
Capabilities [{applicationCacheEnabled=true, rotatable=false, handlesAlerts=true, databaseEnabled=true, version=43.0.4, platform=WINDOWS, nativeEvents=false, acceptSslCerts=true, webStorageEnabled=true, locationContextEnabled=true, browserName=firefox, takesScreenshot=true, javascriptEnabled=true, cssSelectorsEnabled=true}]
Session ID: 1385c851-d01d-4962-83a2-72b99e41c5e8
	at org.openqa.selenium.remote.RemoteWebDriver.execute(RemoteWebDriver.java:665)
	at org.openqa.selenium.remote.RemoteWebDriver.execute(RemoteWebDriver.java:701)
	at org.openqa.selenium.remote.RemoteWebDriver.quit(RemoteWebDriver.java:526)
	at com.thomas.domain.testcases.VerifyTopNavlnks.teardown(VerifyTopNavlnks.java:498)
Caused by: org.apache.http.conn.HttpHostConnectException: Connect to 127.0.0.1:7055 [/127.0.0.1] failed: Connection refused: connect
	at org.apache.http.impl.conn.DefaultHttpClientConnectionOperator.connect(DefaultHttpClientConnectionOperator.java:151)
	at org.apache.http.impl.conn.PoolingHttpClientConnectionManager.connect(PoolingHttpClientConnectionManager.java:353)
	at org.apache.http.impl.execchain.MainClientExec.establishRoute(MainClientExec.java:380)
	at org.apache.http.impl.execchain.MainClientExec.execute(MainClientExec.java:236)
	at org.apache.http.impl.execchain.ProtocolExec.execute(ProtocolExec.java:184)
	at org.apache.http.impl.execchain.RetryExec.execute(RetryExec.java:88)
	at org.apache.http.impl.execchain.RedirectExec.execute(RedirectExec.java:110)
	at org.apache.http.impl.client.InternalHttpClient.doExecute(InternalHttpClient.java:184)
	at org.apache.http.impl.client.CloseableHttpClient.execute(CloseableHttpClient.java:71)
	at org.apache.http.impl.client.CloseableHttpClient.execute(CloseableHttpClient.java:55)
	at org.openqa.selenium.remote.internal.ApacheHttpClient.fallBackExecute(ApacheHttpClient.java:143)
	at org.openqa.selenium.remote.internal.ApacheHttpClient.execute(ApacheHttpClient.java:89)
	at org.openqa.selenium.remote.HttpCommandExecutor.execute(HttpCommandExecutor.java:142)
	at org.openqa.selenium.firefox.internal.NewProfileExtensionConnection.execute(NewProfileExtensionConnection.java:170)
	at org.openqa.selenium.firefox.FirefoxDriver$LazyCommandExecutor.execute(FirefoxDriver.java:380)
	at org.openqa.selenium.remote.RemoteWebDriver.execute(RemoteWebDriver.java:644)
	... 32 more
Caused by: java.net.ConnectException: Connection refused: connect
	at java.net.DualStackPlainSocketImpl.waitForConnect(Native Method)
	at java.net.DualStackPlainSocketImpl.socketConnect(DualStackPlainSocketImpl.java:85)
	at java.net.AbstractPlainSocketImpl.doConnect(AbstractPlainSocketImpl.java:350)
	at java.net.AbstractPlainSocketImpl.connectToAddress(AbstractPlainSocketImpl.java:206)
	at java.net.AbstractPlainSocketImpl.connect(AbstractPlainSocketImpl.java:188)
	at java.net.PlainSocketImpl.connect(PlainSocketImpl.java:172)
	at java.net.SocksSocketImpl.connect(SocksSocketImpl.java:392)
	at java.net.Socket.connect(Socket.java:589)
	at org.apache.http.conn.socket.PlainConnectionSocketFactory.connectSocket(PlainConnectionSocketFactory.java:74)
	at org.apache.http.impl.conn.DefaultHttpClientConnectionOperator.connect(DefaultHttpClientConnectionOperator.java:134)
	... 47 more
... Removed 29 stack frames</pre></div><a href='#' onClick='toggleBox("stack-trace762809053", this, "Click to show all stack frames", "Click to hide stack frames")'>Click to show all stack frames</a>
<div class='stack-trace' id='stack-trace762809053'><pre>org.openqa.selenium.remote.UnreachableBrowserException: Error communicating with the remote browser. It may have died.
Build info: version: &apos;2.49.1&apos;, revision: &apos;808c23b0963853d375cbe54b90bbd052e2528a54&apos;, time: &apos;2016-01-21 09:37:52&apos;
System info: host: &apos;hp&apos;, ip: &apos;192.168.1.7&apos;, os.name: &apos;Windows 10&apos;, os.arch: &apos;amd64&apos;, os.version: &apos;10.0&apos;, java.version: &apos;1.8.0_60&apos;
Driver info: driver.version: RemoteWebDriver
Capabilities [{applicationCacheEnabled=true, rotatable=false, handlesAlerts=true, databaseEnabled=true, version=43.0.4, platform=WINDOWS, nativeEvents=false, acceptSslCerts=true, webStorageEnabled=true, locationContextEnabled=true, browserName=firefox, takesScreenshot=true, javascriptEnabled=true, cssSelectorsEnabled=true}]
Session ID: 1385c851-d01d-4962-83a2-72b99e41c5e8
	at org.openqa.selenium.remote.RemoteWebDriver.execute(RemoteWebDriver.java:665)
	at org.openqa.selenium.remote.RemoteWebDriver.execute(RemoteWebDriver.java:701)
	at org.openqa.selenium.remote.RemoteWebDriver.quit(RemoteWebDriver.java:526)
	at com.thomas.domain.testcases.VerifyTopNavlnks.teardown(VerifyTopNavlnks.java:498)
	at sun.reflect.NativeMethodAccessorImpl.invoke0(Native Method)
	at sun.reflect.NativeMethodAccessorImpl.invoke(NativeMethodAccessorImpl.java:62)
	at sun.reflect.DelegatingMethodAccessorImpl.invoke(DelegatingMethodAccessorImpl.java:43)
	at java.lang.reflect.Method.invoke(Method.java:497)
	at org.testng.internal.MethodInvocationHelper.invokeMethod(MethodInvocationHelper.java:85)
	at org.testng.internal.Invoker.invokeConfigurationMethod(Invoker.java:517)
	at org.testng.internal.Invoker.invokeConfigurations(Invoker.java:213)
	at org.testng.internal.Invoker.invokeMethod(Invoker.java:732)
	at org.testng.internal.Invoker.invokeTestMethod(Invoker.java:845)
	at org.testng.internal.Invoker.invokeTestMethods(Invoker.java:1153)
	at org.testng.internal.TestMethodWorker.invokeTestMethods(TestMethodWorker.java:125)
	at org.testng.internal.TestMethodWorker.run(TestMethodWorker.java:108)
	at org.testng.TestRunner.privateRun(TestRunner.java:771)
	at org.testng.TestRunner.run(TestRunner.java:621)
	at org.testng.SuiteRunner.runTest(SuiteRunner.java:357)
	at org.testng.SuiteRunner.runSequentially(SuiteRunner.java:352)
	at org.testng.SuiteRunner.privateRun(SuiteRunner.java:310)
	at org.testng.SuiteRunner.run(SuiteRunner.java:259)
	at org.testng.SuiteRunnerWorker.runSuite(SuiteRunnerWorker.java:52)
	at org.testng.SuiteRunnerWorker.run(SuiteRunnerWorker.java:86)
	at org.testng.TestNG.runSuitesSequentially(TestNG.java:1199)
	at org.testng.TestNG.runSuitesLocally(TestNG.java:1124)
	at org.testng.TestNG.run(TestNG.java:1032)
	at org.apache.maven.surefire.testng.TestNGExecutor.run(TestNGExecutor.java:217)
	at org.apache.maven.surefire.testng.TestNGXmlTestSuite.execute(TestNGXmlTestSuite.java:84)
	at org.apache.maven.surefire.testng.TestNGProvider.invoke(TestNGProvider.java:92)
	at org.apache.maven.surefire.booter.ForkedBooter.invokeProviderInSameClassLoader(ForkedBooter.java:200)
	at org.apache.maven.surefire.booter.ForkedBooter.runSuitesInProcess(ForkedBooter.java:153)
	at org.apache.maven.surefire.booter.ForkedBooter.main(ForkedBooter.java:103)
Caused by: org.apache.http.conn.HttpHostConnectException: Connect to 127.0.0.1:7055 [/127.0.0.1] failed: Connection refused: connect
	at org.apache.http.impl.conn.DefaultHttpClientConnectionOperator.connect(DefaultHttpClientConnectionOperator.java:151)
	at org.apache.http.impl.conn.PoolingHttpClientConnectionManager.connect(PoolingHttpClientConnectionManager.java:353)
	at org.apache.http.impl.execchain.MainClientExec.establishRoute(MainClientExec.java:380)
	at org.apache.http.impl.execchain.MainClientExec.execute(MainClientExec.java:236)
	at org.apache.http.impl.execchain.ProtocolExec.execute(ProtocolExec.java:184)
	at org.apache.http.impl.execchain.RetryExec.execute(RetryExec.java:88)
	at org.apache.http.impl.execchain.RedirectExec.execute(RedirectExec.java:110)
	at org.apache.http.impl.client.InternalHttpClient.doExecute(InternalHttpClient.java:184)
	at org.apache.http.impl.client.CloseableHttpClient.execute(CloseableHttpClient.java:71)
	at org.apache.http.impl.client.CloseableHttpClient.execute(CloseableHttpClient.java:55)
	at org.openqa.selenium.remote.internal.ApacheHttpClient.fallBackExecute(ApacheHttpClient.java:143)
	at org.openqa.selenium.remote.internal.ApacheHttpClient.execute(ApacheHttpClient.java:89)
	at org.openqa.selenium.remote.HttpCommandExecutor.execute(HttpCommandExecutor.java:142)
	at org.openqa.selenium.firefox.internal.NewProfileExtensionConnection.execute(NewProfileExtensionConnection.java:170)
	at org.openqa.selenium.firefox.FirefoxDriver$LazyCommandExecutor.execute(FirefoxDriver.java:380)
	at org.openqa.selenium.remote.RemoteWebDriver.execute(RemoteWebDriver.java:644)
	... 32 more
Caused by: java.net.ConnectException: Connection refused: connect
	at java.net.DualStackPlainSocketImpl.waitForConnect(Native Method)
	at java.net.DualStackPlainSocketImpl.socketConnect(DualStackPlainSocketImpl.java:85)
	at java.net.AbstractPlainSocketImpl.doConnect(AbstractPlainSocketImpl.java:350)
	at java.net.AbstractPlainSocketImpl.connectToAddress(AbstractPlainSocketImpl.java:206)
	at java.net.AbstractPlainSocketImpl.connect(AbstractPlainSocketImpl.java:188)
	at java.net.PlainSocketImpl.connect(PlainSocketImpl.java:172)
	at java.net.SocksSocketImpl.connect(SocksSocketImpl.java:392)
	at java.net.Socket.connect(Socket.java:589)
	at org.apache.http.conn.socket.PlainConnectionSocketFactory.connectSocket(PlainConnectionSocketFactory.java:74)
	at org.apache.http.impl.conn.DefaultHttpClientConnectionOperator.connect(DefaultHttpClientConnectionOperator.java:134)
	... 47 more
</pre></div></td>
<td>0</td>
<td>com.thomas.domain.testcases.VerifyTopNavlnks@6e8dacdf</td></tr>
</table><p>
<table width='100%' border='1' class='invocation-skipped'>
<tr><td colspan='4' align='center'><b>SKIPPED CONFIGURATIONS</b></td></tr>
<tr><td><b>Test method</b></td>
<td width="30%"><b>Exception</b></td>
<td width="10%"><b>Time (seconds)</b></td>
<td><b>Instance</b></td>
</tr>
<tr>
<td title='com.thomas.domain.testcases.VerifyTopNavlnks.setup()'><b>setup</b><br>Test class: com.thomas.domain.testcases.VerifyTopNavlnks</td>
<td></td>
<td>0</td>
<td>com.thomas.domain.testcases.VerifyTopNavlnks@6e8dacdf</td></tr>
<tr>
<td title='com.thomas.domain.testcases.VerifyTopNavlnks.setup()'><b>setup</b><br>Test class: com.thomas.domain.testcases.VerifyTopNavlnks</td>
<td></td>
<td>0</td>
<td>com.thomas.domain.testcases.VerifyTopNavlnks@6e8dacdf</td></tr>
<tr>
<td title='com.thomas.domain.testcases.VerifyTopNavlnks.setup()'><b>setup</b><br>Test class: com.thomas.domain.testcases.VerifyTopNavlnks</td>
<td></td>
<td>0</td>
<td>com.thomas.domain.testcases.VerifyTopNavlnks@6e8dacdf</td></tr>
<tr>
<td title='com.thomas.domain.testcases.VerifyTopNavlnks.setup()'><b>setup</b><br>Test class: com.thomas.domain.testcases.VerifyTopNavlnks</td>
<td></td>
<td>0</td>
<td>com.thomas.domain.testcases.VerifyTopNavlnks@6e8dacdf</td></tr>
<tr>
<td title='com.thomas.domain.testcases.VerifyTopNavlnks.setup()'><b>setup</b><br>Test class: com.thomas.domain.testcases.VerifyTopNavlnks</td>
<td></td>
<td>0</td>
<td>com.thomas.domain.testcases.VerifyTopNavlnks@6e8dacdf</td></tr>
<tr>
<td title='com.thomas.domain.testcases.VerifyTopNavlnks.setup()'><b>setup</b><br>Test class: com.thomas.domain.testcases.VerifyTopNavlnks</td>
<td></td>
<td>0</td>
<td>com.thomas.domain.testcases.VerifyTopNavlnks@6e8dacdf</td></tr>
<tr>
<td title='com.thomas.domain.testcases.VerifyTopNavlnks.setup()'><b>setup</b><br>Test class: com.thomas.domain.testcases.VerifyTopNavlnks</td>
<td></td>
<td>0</td>
<td>com.thomas.domain.testcases.VerifyTopNavlnks@6e8dacdf</td></tr>
<tr>
<td title='com.thomas.domain.testcases.VerifyTopNavlnks.setup()'><b>setup</b><br>Test class: com.thomas.domain.testcases.VerifyTopNavlnks</td>
<td></td>
<td>0</td>
<td>com.thomas.domain.testcases.VerifyTopNavlnks@6e8dacdf</td></tr>
<tr>
<td title='com.thomas.domain.testcases.VerifyTopNavlnks.teardown()'><b>teardown</b><br>Test class: com.thomas.domain.testcases.VerifyTopNavlnks</td>
<td></td>
<td>0</td>
<td>com.thomas.domain.testcases.VerifyTopNavlnks@6e8dacdf</td></tr>
<tr>
<td title='com.thomas.domain.testcases.VerifyTopNavlnks.teardown()'><b>teardown</b><br>Test class: com.thomas.domain.testcases.VerifyTopNavlnks</td>
<td></td>
<td>0</td>
<td>com.thomas.domain.testcases.VerifyTopNavlnks@6e8dacdf</td></tr>
<tr>
<td title='com.thomas.domain.testcases.VerifyTopNavlnks.teardown()'><b>teardown</b><br>Test class: com.thomas.domain.testcases.VerifyTopNavlnks</td>
<td></td>
<td>0</td>
<td>com.thomas.domain.testcases.VerifyTopNavlnks@6e8dacdf</td></tr>
<tr>
<td title='com.thomas.domain.testcases.VerifyTopNavlnks.teardown()'><b>teardown</b><br>Test class: com.thomas.domain.testcases.VerifyTopNavlnks</td>
<td></td>
<td>0</td>
<td>com.thomas.domain.testcases.VerifyTopNavlnks@6e8dacdf</td></tr>
<tr>
<td title='com.thomas.domain.testcases.VerifyTopNavlnks.teardown()'><b>teardown</b><br>Test class: com.thomas.domain.testcases.VerifyTopNavlnks</td>
<td></td>
<td>0</td>
<td>com.thomas.domain.testcases.VerifyTopNavlnks@6e8dacdf</td></tr>
<tr>
<td title='com.thomas.domain.testcases.VerifyTopNavlnks.teardown()'><b>teardown</b><br>Test class: com.thomas.domain.testcases.VerifyTopNavlnks</td>
<td></td>
<td>0</td>
<td>com.thomas.domain.testcases.VerifyTopNavlnks@6e8dacdf</td></tr>
<tr>
<td title='com.thomas.domain.testcases.VerifyTopNavlnks.teardown()'><b>teardown</b><br>Test class: com.thomas.domain.testcases.VerifyTopNavlnks</td>
<td></td>
<td>0</td>
<td>com.thomas.domain.testcases.VerifyTopNavlnks@6e8dacdf</td></tr>
<tr>
<td title='com.thomas.domain.testcases.VerifyTopNavlnks.teardown()'><b>teardown</b><br>Test class: com.thomas.domain.testcases.VerifyTopNavlnks</td>
<td></td>
<td>0</td>
<td>com.thomas.domain.testcases.VerifyTopNavlnks@6e8dacdf</td></tr>
</table><p>
<table width='100%' border='1' class='invocation-failed'>
<tr><td colspan='4' align='center'><b>FAILED TESTS</b></td></tr>
<tr><td><b>Test method</b></td>
<td width="30%"><b>Exception</b></td>
<td width="10%"><b>Time (seconds)</b></td>
<td><b>Instance</b></td>
</tr>
<tr>
<td title='com.thomas.domain.testcases.VerifyTopNavlnks.VerifyTopNavlnks_HomeLoans()'><b>VerifyTopNavlnks_HomeLoans</b><br>Test class: com.thomas.domain.testcases.VerifyTopNavlnks</td>
<td><div><pre>org.openqa.selenium.remote.UnreachableBrowserException: Error communicating with the remote browser. It may have died.
Build info: version: &apos;2.49.1&apos;, revision: &apos;808c23b0963853d375cbe54b90bbd052e2528a54&apos;, time: &apos;2016-01-21 09:37:52&apos;
System info: host: &apos;hp&apos;, ip: &apos;192.168.1.7&apos;, os.name: &apos;Windows 10&apos;, os.arch: &apos;amd64&apos;, os.version: &apos;10.0&apos;, java.version: &apos;1.8.0_60&apos;
Driver info: driver.version: RemoteWebDriver
Capabilities [{applicationCacheEnabled=true, rotatable=false, handlesAlerts=true, databaseEnabled=true, version=43.0.4, platform=WINDOWS, nativeEvents=false, acceptSslCerts=true, webStorageEnabled=true, locationContextEnabled=true, browserName=firefox, takesScreenshot=true, javascriptEnabled=true, cssSelectorsEnabled=true}]
Session ID: 1385c851-d01d-4962-83a2-72b99e41c5e8
	at org.openqa.selenium.remote.RemoteWebDriver.execute(RemoteWebDriver.java:665)
	at org.openqa.selenium.remote.RemoteWebDriver.findElement(RemoteWebDriver.java:363)
	at org.openqa.selenium.remote.RemoteWebDriver.findElementByXPath(RemoteWebDriver.java:500)
	at org.openqa.selenium.By$ByXPath.findElement(By.java:361)
	at org.openqa.selenium.remote.RemoteWebDriver.findElement(RemoteWebDriver.java:355)
	at com.thomas.domain.testcases.VerifyTopNavlnks.VerifyTopNavlnks_HomeLoans(VerifyTopNavlnks.java:436)
Caused by: org.apache.http.conn.HttpHostConnectException: Connect to 127.0.0.1:7055 [/127.0.0.1] failed: Connection refused: connect
	at org.apache.http.impl.conn.DefaultHttpClientConnectionOperator.connect(DefaultHttpClientConnectionOperator.java:151)
	at org.apache.http.impl.conn.PoolingHttpClientConnectionManager.connect(PoolingHttpClientConnectionManager.java:353)
	at org.apache.http.impl.execchain.MainClientExec.establishRoute(MainClientExec.java:380)
	at org.apache.http.impl.execchain.MainClientExec.execute(MainClientExec.java:236)
	at org.apache.http.impl.execchain.ProtocolExec.execute(ProtocolExec.java:184)
	at org.apache.http.impl.execchain.RetryExec.execute(RetryExec.java:88)
	at org.apache.http.impl.execchain.RedirectExec.execute(RedirectExec.java:110)
	at org.apache.http.impl.client.InternalHttpClient.doExecute(InternalHttpClient.java:184)
	at org.apache.http.impl.client.CloseableHttpClient.execute(CloseableHttpClient.java:71)
	at org.apache.http.impl.client.CloseableHttpClient.execute(CloseableHttpClient.java:55)
	at org.openqa.selenium.remote.internal.ApacheHttpClient.fallBackExecute(ApacheHttpClient.java:161)
	at org.openqa.selenium.remote.internal.ApacheHttpClient.execute(ApacheHttpClient.java:89)
	at org.openqa.selenium.remote.HttpCommandExecutor.execute(HttpCommandExecutor.java:142)
	at org.openqa.selenium.firefox.internal.NewProfileExtensionConnection.execute(NewProfileExtensionConnection.java:170)
	at org.openqa.selenium.firefox.FirefoxDriver$LazyCommandExecutor.execute(FirefoxDriver.java:380)
	at org.openqa.selenium.remote.RemoteWebDriver.execute(RemoteWebDriver.java:644)
	... 32 more
Caused by: java.net.ConnectException: Connection refused: connect
	at java.net.DualStackPlainSocketImpl.waitForConnect(Native Method)
	at java.net.DualStackPlainSocketImpl.socketConnect(DualStackPlainSocketImpl.java:85)
	at java.net.AbstractPlainSocketImpl.doConnect(AbstractPlainSocketImpl.java:350)
	at java.net.AbstractPlainSocketImpl.connectToAddress(AbstractPlainSocketImpl.java:206)
	at java.net.AbstractPlainSocketImpl.connect(AbstractPlainSocketImpl.java:188)
	at java.net.PlainSocketImpl.connect(PlainSocketImpl.java:172)
	at java.net.SocksSocketImpl.connect(SocksSocketImpl.java:392)
	at java.net.Socket.connect(Socket.java:589)
	at org.apache.http.conn.socket.PlainConnectionSocketFactory.connectSocket(PlainConnectionSocketFactory.java:74)
	at org.apache.http.impl.conn.DefaultHttpClientConnectionOperator.connect(DefaultHttpClientConnectionOperator.java:134)
	... 47 more
... Removed 27 stack frames</pre></div><a href='#' onClick='toggleBox("stack-trace1667305539", this, "Click to show all stack frames", "Click to hide stack frames")'>Click to show all stack frames</a>
<div class='stack-trace' id='stack-trace1667305539'><pre>org.openqa.selenium.remote.UnreachableBrowserException: Error communicating with the remote browser. It may have died.
Build info: version: &apos;2.49.1&apos;, revision: &apos;808c23b0963853d375cbe54b90bbd052e2528a54&apos;, time: &apos;2016-01-21 09:37:52&apos;
System info: host: &apos;hp&apos;, ip: &apos;192.168.1.7&apos;, os.name: &apos;Windows 10&apos;, os.arch: &apos;amd64&apos;, os.version: &apos;10.0&apos;, java.version: &apos;1.8.0_60&apos;
Driver info: driver.version: RemoteWebDriver
Capabilities [{applicationCacheEnabled=true, rotatable=false, handlesAlerts=true, databaseEnabled=true, version=43.0.4, platform=WINDOWS, nativeEvents=false, acceptSslCerts=true, webStorageEnabled=true, locationContextEnabled=true, browserName=firefox, takesScreenshot=true, javascriptEnabled=true, cssSelectorsEnabled=true}]
Session ID: 1385c851-d01d-4962-83a2-72b99e41c5e8
	at org.openqa.selenium.remote.RemoteWebDriver.execute(RemoteWebDriver.java:665)
	at org.openqa.selenium.remote.RemoteWebDriver.findElement(RemoteWebDriver.java:363)
	at org.openqa.selenium.remote.RemoteWebDriver.findElementByXPath(RemoteWebDriver.java:500)
	at org.openqa.selenium.By$ByXPath.findElement(By.java:361)
	at org.openqa.selenium.remote.RemoteWebDriver.findElement(RemoteWebDriver.java:355)
	at com.thomas.domain.testcases.VerifyTopNavlnks.VerifyTopNavlnks_HomeLoans(VerifyTopNavlnks.java:436)
	at sun.reflect.NativeMethodAccessorImpl.invoke0(Native Method)
	at sun.reflect.NativeMethodAccessorImpl.invoke(NativeMethodAccessorImpl.java:62)
	at sun.reflect.DelegatingMethodAccessorImpl.invoke(DelegatingMethodAccessorImpl.java:43)
	at java.lang.reflect.Method.invoke(Method.java:497)
	at org.testng.internal.MethodInvocationHelper.invokeMethod(MethodInvocationHelper.java:85)
	at org.testng.internal.Invoker.invokeMethod(Invoker.java:659)
	at org.testng.internal.Invoker.invokeTestMethod(Invoker.java:845)
	at org.testng.internal.Invoker.invokeTestMethods(Invoker.java:1153)
	at org.testng.internal.TestMethodWorker.invokeTestMethods(TestMethodWorker.java:125)
	at org.testng.internal.TestMethodWorker.run(TestMethodWorker.java:108)
	at org.testng.TestRunner.privateRun(TestRunner.java:771)
	at org.testng.TestRunner.run(TestRunner.java:621)
	at org.testng.SuiteRunner.runTest(SuiteRunner.java:357)
	at org.testng.SuiteRunner.runSequentially(SuiteRunner.java:352)
	at org.testng.SuiteRunner.privateRun(SuiteRunner.java:310)
	at org.testng.SuiteRunner.run(SuiteRunner.java:259)
	at org.testng.SuiteRunnerWorker.runSuite(SuiteRunnerWorker.java:52)
	at org.testng.SuiteRunnerWorker.run(SuiteRunnerWorker.java:86)
	at org.testng.TestNG.runSuitesSequentially(TestNG.java:1199)
	at org.testng.TestNG.runSuitesLocally(TestNG.java:1124)
	at org.testng.TestNG.run(TestNG.java:1032)
	at org.apache.maven.surefire.testng.TestNGExecutor.run(TestNGExecutor.java:217)
	at org.apache.maven.surefire.testng.TestNGXmlTestSuite.execute(TestNGXmlTestSuite.java:84)
	at org.apache.maven.surefire.testng.TestNGProvider.invoke(TestNGProvider.java:92)
	at org.apache.maven.surefire.booter.ForkedBooter.invokeProviderInSameClassLoader(ForkedBooter.java:200)
	at org.apache.maven.surefire.booter.ForkedBooter.runSuitesInProcess(ForkedBooter.java:153)
	at org.apache.maven.surefire.booter.ForkedBooter.main(ForkedBooter.java:103)
Caused by: org.apache.http.conn.HttpHostConnectException: Connect to 127.0.0.1:7055 [/127.0.0.1] failed: Connection refused: connect
	at org.apache.http.impl.conn.DefaultHttpClientConnectionOperator.connect(DefaultHttpClientConnectionOperator.java:151)
	at org.apache.http.impl.conn.PoolingHttpClientConnectionManager.connect(PoolingHttpClientConnectionManager.java:353)
	at org.apache.http.impl.execchain.MainClientExec.establishRoute(MainClientExec.java:380)
	at org.apache.http.impl.execchain.MainClientExec.execute(MainClientExec.java:236)
	at org.apache.http.impl.execchain.ProtocolExec.execute(ProtocolExec.java:184)
	at org.apache.http.impl.execchain.RetryExec.execute(RetryExec.java:88)
	at org.apache.http.impl.execchain.RedirectExec.execute(RedirectExec.java:110)
	at org.apache.http.impl.client.InternalHttpClient.doExecute(InternalHttpClient.java:184)
	at org.apache.http.impl.client.CloseableHttpClient.execute(CloseableHttpClient.java:71)
	at org.apache.http.impl.client.CloseableHttpClient.execute(CloseableHttpClient.java:55)
	at org.openqa.selenium.remote.internal.ApacheHttpClient.fallBackExecute(ApacheHttpClient.java:161)
	at org.openqa.selenium.remote.internal.ApacheHttpClient.execute(ApacheHttpClient.java:89)
	at org.openqa.selenium.remote.HttpCommandExecutor.execute(HttpCommandExecutor.java:142)
	at org.openqa.selenium.firefox.internal.NewProfileExtensionConnection.execute(NewProfileExtensionConnection.java:170)
	at org.openqa.selenium.firefox.FirefoxDriver$LazyCommandExecutor.execute(FirefoxDriver.java:380)
	at org.openqa.selenium.remote.RemoteWebDriver.execute(RemoteWebDriver.java:644)
	... 32 more
Caused by: java.net.ConnectException: Connection refused: connect
	at java.net.DualStackPlainSocketImpl.waitForConnect(Native Method)
	at java.net.DualStackPlainSocketImpl.socketConnect(DualStackPlainSocketImpl.java:85)
	at java.net.AbstractPlainSocketImpl.doConnect(AbstractPlainSocketImpl.java:350)
	at java.net.AbstractPlainSocketImpl.connectToAddress(AbstractPlainSocketImpl.java:206)
	at java.net.AbstractPlainSocketImpl.connect(AbstractPlainSocketImpl.java:188)
	at java.net.PlainSocketImpl.connect(PlainSocketImpl.java:172)
	at java.net.SocksSocketImpl.connect(SocksSocketImpl.java:392)
	at java.net.Socket.connect(Socket.java:589)
	at org.apache.http.conn.socket.PlainConnectionSocketFactory.connectSocket(PlainConnectionSocketFactory.java:74)
	at org.apache.http.impl.conn.DefaultHttpClientConnectionOperator.connect(DefaultHttpClientConnectionOperator.java:134)
	... 47 more
</pre></div></td>
<td>5</td>
<td>com.thomas.domain.testcases.VerifyTopNavlnks@6e8dacdf</td></tr>
</table><p>
<table width='100%' border='1' class='invocation-passed'>
<tr><td colspan='4' align='center'><b>PASSED TESTS</b></td></tr>
<tr><td><b>Test method</b></td>
<td width="30%"><b>Exception</b></td>
<td width="10%"><b>Time (seconds)</b></td>
<td><b>Instance</b></td>
</tr>
<tr>
<td title='com.thomas.domain.testcases.VerifyTopNavlnks.VerifyTopNavlnks_Advice()'><b>VerifyTopNavlnks_Advice</b><br>Test class: com.thomas.domain.testcases.VerifyTopNavlnks</td>
<td></td>
<td>18</td>
<td>com.thomas.domain.testcases.VerifyTopNavlnks@6e8dacdf</td></tr>
<tr>
<td title='com.thomas.domain.testcases.VerifyTopNavlnks.VerifyTopNavlnks_Agents()'><b>VerifyTopNavlnks_Agents</b><br>Test class: com.thomas.domain.testcases.VerifyTopNavlnks</td>
<td></td>
<td>16</td>
<td>com.thomas.domain.testcases.VerifyTopNavlnks@6e8dacdf</td></tr>
<tr>
<td title='com.thomas.domain.testcases.VerifyTopNavlnks.VerifyTopNavlnks_Buy()'><b>VerifyTopNavlnks_Buy</b><br>Test class: com.thomas.domain.testcases.VerifyTopNavlnks</td>
<td></td>
<td>15</td>
<td>com.thomas.domain.testcases.VerifyTopNavlnks@6e8dacdf</td></tr>
<tr>
<td title='com.thomas.domain.testcases.VerifyTopNavlnks.VerifyTopNavlnks_Commercial()'><b>VerifyTopNavlnks_Commercial</b><br>Test class: com.thomas.domain.testcases.VerifyTopNavlnks</td>
<td></td>
<td>14</td>
<td>com.thomas.domain.testcases.VerifyTopNavlnks@6e8dacdf</td></tr>
</table><p>
<table width='100%' border='1' class='invocation-skipped'>
<tr><td colspan='4' align='center'><b>SKIPPED TESTS</b></td></tr>
<tr><td><b>Test method</b></td>
<td width="30%"><b>Exception</b></td>
<td width="10%"><b>Time (seconds)</b></td>
<td><b>Instance</b></td>
</tr>
<tr>
<td title='com.thomas.domain.testcases.VerifyTopNavlnks.VerifyTopNavlnks_Homepriceguide()'><b>VerifyTopNavlnks_Homepriceguide</b><br>Test class: com.thomas.domain.testcases.VerifyTopNavlnks</td>
<td></td>
<td>0</td>
<td>com.thomas.domain.testcases.VerifyTopNavlnks@6e8dacdf</td></tr>
<tr>
<td title='com.thomas.domain.testcases.VerifyTopNavlnks.VerifyTopNavlnks_NewHomes()'><b>VerifyTopNavlnks_NewHomes</b><br>Test class: com.thomas.domain.testcases.VerifyTopNavlnks</td>
<td></td>
<td>0</td>
<td>com.thomas.domain.testcases.VerifyTopNavlnks@6e8dacdf</td></tr>
<tr>
<td title='com.thomas.domain.testcases.VerifyTopNavlnks.VerifyTopNavlnks_News()'><b>VerifyTopNavlnks_News</b><br>Test class: com.thomas.domain.testcases.VerifyTopNavlnks</td>
<td></td>
<td>0</td>
<td>com.thomas.domain.testcases.VerifyTopNavlnks@6e8dacdf</td></tr>
<tr>
<td title='com.thomas.domain.testcases.VerifyTopNavlnks.VerifyTopNavlnks_Placeanad()'><b>VerifyTopNavlnks_Placeanad</b><br>Test class: com.thomas.domain.testcases.VerifyTopNavlnks</td>
<td></td>
<td>0</td>
<td>com.thomas.domain.testcases.VerifyTopNavlnks@6e8dacdf</td></tr>
<tr>
<td title='com.thomas.domain.testcases.VerifyTopNavlnks.VerifyTopNavlnks_Rent()'><b>VerifyTopNavlnks_Rent</b><br>Test class: com.thomas.domain.testcases.VerifyTopNavlnks</td>
<td></td>
<td>0</td>
<td>com.thomas.domain.testcases.VerifyTopNavlnks@6e8dacdf</td></tr>
<tr>
<td title='com.thomas.domain.testcases.VerifyTopNavlnks.VerifyTopNavlnks_Share()'><b>VerifyTopNavlnks_Share</b><br>Test class: com.thomas.domain.testcases.VerifyTopNavlnks</td>
<td></td>
<td>0</td>
<td>com.thomas.domain.testcases.VerifyTopNavlnks@6e8dacdf</td></tr>
<tr>
<td title='com.thomas.domain.testcases.VerifyTopNavlnks.VerifyTopNavlnks_Sold()'><b>VerifyTopNavlnks_Sold</b><br>Test class: com.thomas.domain.testcases.VerifyTopNavlnks</td>
<td></td>
<td>0</td>
<td>com.thomas.domain.testcases.VerifyTopNavlnks@6e8dacdf</td></tr>
<tr>
<td title='com.thomas.domain.testcases.VerifyTopNavlnks.VerifyTopNavlnks_Suburbprofiles()'><b>VerifyTopNavlnks_Suburbprofiles</b><br>Test class: com.thomas.domain.testcases.VerifyTopNavlnks</td>
<td></td>
<td>0</td>
<td>com.thomas.domain.testcases.VerifyTopNavlnks@6e8dacdf</td></tr>
</table><p>
</body>
</html>