<?xml version="1.0" encoding="UTF-8"?>
<testng-results skipped="8" failed="1" total="13" passed="4">
  <reporter-output>
  </reporter-output>
  <suite name="Suite1" duration-ms="101258" started-at="2016-01-24T20:41:24Z" finished-at="2016-01-24T20:43:05Z">
    <groups>
    </groups>
    <test name="Nopackage" duration-ms="101258" started-at="2016-01-24T20:41:24Z" finished-at="2016-01-24T20:43:05Z">
      <class name="com.thomas.domain.testcases.VerifyTopNavlnks">
        <test-method status="PASS" signature="setup()[pri:0, instance:com.thomas.domain.testcases.VerifyTopNavlnks@6e8dacdf]" name="setup" is-config="true" duration-ms="6247" started-at="2016-01-25T07:41:24Z" finished-at="2016-01-25T07:41:30Z">
          <reporter-output>
          </reporter-output>
        </test-method> <!-- setup -->
        <test-method status="PASS" signature="VerifyTopNavlnks_Advice()[pri:0, instance:com.thomas.domain.testcases.VerifyTopNavlnks@6e8dacdf]" name="VerifyTopNavlnks_Advice" duration-ms="18346" started-at="2016-01-25T07:41:30Z" finished-at="2016-01-25T07:41:49Z">
          <reporter-output>
          </reporter-output>
        </test-method> <!-- VerifyTopNavlnks_Advice -->
        <test-method status="PASS" signature="teardown()[pri:0, instance:com.thomas.domain.testcases.VerifyTopNavlnks@6e8dacdf]" name="teardown" is-config="true" duration-ms="1256" started-at="2016-01-25T07:41:49Z" finished-at="2016-01-25T07:41:50Z">
          <reporter-output>
          </reporter-output>
        </test-method> <!-- teardown -->
        <test-method status="PASS" signature="setup()[pri:0, instance:com.thomas.domain.testcases.VerifyTopNavlnks@6e8dacdf]" name="setup" is-config="true" duration-ms="5251" started-at="2016-01-25T07:41:50Z" finished-at="2016-01-25T07:41:55Z">
          <reporter-output>
          </reporter-output>
        </test-method> <!-- setup -->
        <test-method status="PASS" signature="VerifyTopNavlnks_Agents()[pri:0, instance:com.thomas.domain.testcases.VerifyTopNavlnks@6e8dacdf]" name="VerifyTopNavlnks_Agents" duration-ms="16201" started-at="2016-01-25T07:41:55Z" finished-at="2016-01-25T07:42:11Z">
          <reporter-output>
          </reporter-output>
        </test-method> <!-- VerifyTopNavlnks_Agents -->
        <test-method status="PASS" signature="teardown()[pri:0, instance:com.thomas.domain.testcases.VerifyTopNavlnks@6e8dacdf]" name="teardown" is-config="true" duration-ms="641" started-at="2016-01-25T07:42:11Z" finished-at="2016-01-25T07:42:12Z">
          <reporter-output>
          </reporter-output>
        </test-method> <!-- teardown -->
        <test-method status="PASS" signature="setup()[pri:0, instance:com.thomas.domain.testcases.VerifyTopNavlnks@6e8dacdf]" name="setup" is-config="true" duration-ms="4720" started-at="2016-01-25T07:42:12Z" finished-at="2016-01-25T07:42:17Z">
          <reporter-output>
          </reporter-output>
        </test-method> <!-- setup -->
        <test-method status="PASS" signature="VerifyTopNavlnks_Buy()[pri:0, instance:com.thomas.domain.testcases.VerifyTopNavlnks@6e8dacdf]" name="VerifyTopNavlnks_Buy" duration-ms="15214" started-at="2016-01-25T07:42:17Z" finished-at="2016-01-25T07:42:32Z">
          <reporter-output>
          </reporter-output>
        </test-method> <!-- VerifyTopNavlnks_Buy -->
        <test-method status="PASS" signature="teardown()[pri:0, instance:com.thomas.domain.testcases.VerifyTopNavlnks@6e8dacdf]" name="teardown" is-config="true" duration-ms="596" started-at="2016-01-25T07:42:32Z" finished-at="2016-01-25T07:42:32Z">
          <reporter-output>
          </reporter-output>
        </test-method> <!-- teardown -->
        <test-method status="PASS" signature="setup()[pri:0, instance:com.thomas.domain.testcases.VerifyTopNavlnks@6e8dacdf]" name="setup" is-config="true" duration-ms="4881" started-at="2016-01-25T07:42:32Z" finished-at="2016-01-25T07:42:37Z">
          <reporter-output>
          </reporter-output>
        </test-method> <!-- setup -->
        <test-method status="PASS" signature="VerifyTopNavlnks_Commercial()[pri:0, instance:com.thomas.domain.testcases.VerifyTopNavlnks@6e8dacdf]" name="VerifyTopNavlnks_Commercial" duration-ms="14901" started-at="2016-01-25T07:42:37Z" finished-at="2016-01-25T07:42:52Z">
          <reporter-output>
          </reporter-output>
        </test-method> <!-- VerifyTopNavlnks_Commercial -->
        <test-method status="PASS" signature="teardown()[pri:0, instance:com.thomas.domain.testcases.VerifyTopNavlnks@6e8dacdf]" name="teardown" is-config="true" duration-ms="633" started-at="2016-01-25T07:42:52Z" finished-at="2016-01-25T07:42:53Z">
          <reporter-output>
          </reporter-output>
        </test-method> <!-- teardown -->
        <test-method status="PASS" signature="setup()[pri:0, instance:com.thomas.domain.testcases.VerifyTopNavlnks@6e8dacdf]" name="setup" is-config="true" duration-ms="5265" started-at="2016-01-25T07:42:53Z" finished-at="2016-01-25T07:42:58Z">
          <reporter-output>
          </reporter-output>
        </test-method> <!-- setup -->
        <test-method status="FAIL" signature="VerifyTopNavlnks_HomeLoans()[pri:0, instance:com.thomas.domain.testcases.VerifyTopNavlnks@6e8dacdf]" name="VerifyTopNavlnks_HomeLoans" duration-ms="5668" started-at="2016-01-25T07:42:58Z" finished-at="2016-01-25T07:43:04Z">
          <exception class="org.openqa.selenium.remote.UnreachableBrowserException">
            <message>
              <![CDATA[Error communicating with the remote browser. It may have died.
Build info: version: '2.49.1', revision: '808c23b0963853d375cbe54b90bbd052e2528a54', time: '2016-01-21 09:37:52'
System info: host: 'hp', ip: '192.168.1.7', os.name: 'Windows 10', os.arch: 'amd64', os.version: '10.0', java.version: '1.8.0_60'
Driver info: driver.version: RemoteWebDriver
Capabilities [{applicationCacheEnabled=true, rotatable=false, handlesAlerts=true, databaseEnabled=true, version=43.0.4, platform=WINDOWS, nativeEvents=false, acceptSslCerts=true, webStorageEnabled=true, locationContextEnabled=true, browserName=firefox, takesScreenshot=true, javascriptEnabled=true, cssSelectorsEnabled=true}]
Session ID: 1385c851-d01d-4962-83a2-72b99e41c5e8]]>
            </message>
            <full-stacktrace>
              <![CDATA[org.openqa.selenium.remote.UnreachableBrowserException: Error communicating with the remote browser. It may have died.
Build info: version: '2.49.1', revision: '808c23b0963853d375cbe54b90bbd052e2528a54', time: '2016-01-21 09:37:52'
System info: host: 'hp', ip: '192.168.1.7', os.name: 'Windows 10', os.arch: 'amd64', os.version: '10.0', java.version: '1.8.0_60'
Driver info: driver.version: RemoteWebDriver
Capabilities [{applicationCacheEnabled=true, rotatable=false, handlesAlerts=true, databaseEnabled=true, version=43.0.4, platform=WINDOWS, nativeEvents=false, acceptSslCerts=true, webStorageEnabled=true, locationContextEnabled=true, browserName=firefox, takesScreenshot=true, javascriptEnabled=true, cssSelectorsEnabled=true}]
Session ID: 1385c851-d01d-4962-83a2-72b99e41c5e8
	at org.openqa.selenium.remote.RemoteWebDriver.execute(RemoteWebDriver.java:665)
	at org.openqa.selenium.remote.RemoteWebDriver.findElement(RemoteWebDriver.java:363)
	at org.openqa.selenium.remote.RemoteWebDriver.findElementByXPath(RemoteWebDriver.java:500)
	at org.openqa.selenium.By$ByXPath.findElement(By.java:361)
	at org.openqa.selenium.remote.RemoteWebDriver.findElement(RemoteWebDriver.java:355)
	at com.thomas.domain.testcases.VerifyTopNavlnks.VerifyTopNavlnks_HomeLoans(VerifyTopNavlnks.java:436)
	at sun.reflect.NativeMethodAccessorImpl.invoke0(Native Method)
	at sun.reflect.NativeMethodAccessorImpl.invoke(NativeMethodAccessorImpl.java:62)
	at sun.reflect.DelegatingMethodAccessorImpl.invoke(DelegatingMethodAccessorImpl.java:43)
	at java.lang.reflect.Method.invoke(Method.java:497)
	at org.testng.internal.MethodInvocationHelper.invokeMethod(MethodInvocationHelper.java:85)
	at org.testng.internal.Invoker.invokeMethod(Invoker.java:659)
	at org.testng.internal.Invoker.invokeTestMethod(Invoker.java:845)
	at org.testng.internal.Invoker.invokeTestMethods(Invoker.java:1153)
	at org.testng.internal.TestMethodWorker.invokeTestMethods(TestMethodWorker.java:125)
	at org.testng.internal.TestMethodWorker.run(TestMethodWorker.java:108)
	at org.testng.TestRunner.privateRun(TestRunner.java:771)
	at org.testng.TestRunner.run(TestRunner.java:621)
	at org.testng.SuiteRunner.runTest(SuiteRunner.java:357)
	at org.testng.SuiteRunner.runSequentially(SuiteRunner.java:352)
	at org.testng.SuiteRunner.privateRun(SuiteRunner.java:310)
	at org.testng.SuiteRunner.run(SuiteRunner.java:259)
	at org.testng.SuiteRunnerWorker.runSuite(SuiteRunnerWorker.java:52)
	at org.testng.SuiteRunnerWorker.run(SuiteRunnerWorker.java:86)
	at org.testng.TestNG.runSuitesSequentially(TestNG.java:1199)
	at org.testng.TestNG.runSuitesLocally(TestNG.java:1124)
	at org.testng.TestNG.run(TestNG.java:1032)
	at org.apache.maven.surefire.testng.TestNGExecutor.run(TestNGExecutor.java:217)
	at org.apache.maven.surefire.testng.TestNGXmlTestSuite.execute(TestNGXmlTestSuite.java:84)
	at org.apache.maven.surefire.testng.TestNGProvider.invoke(TestNGProvider.java:92)
	at org.apache.maven.surefire.booter.ForkedBooter.invokeProviderInSameClassLoader(ForkedBooter.java:200)
	at org.apache.maven.surefire.booter.ForkedBooter.runSuitesInProcess(ForkedBooter.java:153)
	at org.apache.maven.surefire.booter.ForkedBooter.main(ForkedBooter.java:103)
Caused by: org.apache.http.conn.HttpHostConnectException: Connect to 127.0.0.1:7055 [/127.0.0.1] failed: Connection refused: connect
	at org.apache.http.impl.conn.DefaultHttpClientConnectionOperator.connect(DefaultHttpClientConnectionOperator.java:151)
	at org.apache.http.impl.conn.PoolingHttpClientConnectionManager.connect(PoolingHttpClientConnectionManager.java:353)
	at org.apache.http.impl.execchain.MainClientExec.establishRoute(MainClientExec.java:380)
	at org.apache.http.impl.execchain.MainClientExec.execute(MainClientExec.java:236)
	at org.apache.http.impl.execchain.ProtocolExec.execute(ProtocolExec.java:184)
	at org.apache.http.impl.execchain.RetryExec.execute(RetryExec.java:88)
	at org.apache.http.impl.execchain.RedirectExec.execute(RedirectExec.java:110)
	at org.apache.http.impl.client.InternalHttpClient.doExecute(InternalHttpClient.java:184)
	at org.apache.http.impl.client.CloseableHttpClient.execute(CloseableHttpClient.java:71)
	at org.apache.http.impl.client.CloseableHttpClient.execute(CloseableHttpClient.java:55)
	at org.openqa.selenium.remote.internal.ApacheHttpClient.fallBackExecute(ApacheHttpClient.java:161)
	at org.openqa.selenium.remote.internal.ApacheHttpClient.execute(ApacheHttpClient.java:89)
	at org.openqa.selenium.remote.HttpCommandExecutor.execute(HttpCommandExecutor.java:142)
	at org.openqa.selenium.firefox.internal.NewProfileExtensionConnection.execute(NewProfileExtensionConnection.java:170)
	at org.openqa.selenium.firefox.FirefoxDriver$LazyCommandExecutor.execute(FirefoxDriver.java:380)
	at org.openqa.selenium.remote.RemoteWebDriver.execute(RemoteWebDriver.java:644)
	... 32 more
Caused by: java.net.ConnectException: Connection refused: connect
	at java.net.DualStackPlainSocketImpl.waitForConnect(Native Method)
	at java.net.DualStackPlainSocketImpl.socketConnect(DualStackPlainSocketImpl.java:85)
	at java.net.AbstractPlainSocketImpl.doConnect(AbstractPlainSocketImpl.java:350)
	at java.net.AbstractPlainSocketImpl.connectToAddress(AbstractPlainSocketImpl.java:206)
	at java.net.AbstractPlainSocketImpl.connect(AbstractPlainSocketImpl.java:188)
	at java.net.PlainSocketImpl.connect(PlainSocketImpl.java:172)
	at java.net.SocksSocketImpl.connect(SocksSocketImpl.java:392)
	at java.net.Socket.connect(Socket.java:589)
	at org.apache.http.conn.socket.PlainConnectionSocketFactory.connectSocket(PlainConnectionSocketFactory.java:74)
	at org.apache.http.impl.conn.DefaultHttpClientConnectionOperator.connect(DefaultHttpClientConnectionOperator.java:134)
	... 47 more
]]>
            </full-stacktrace>
          </exception> <!-- org.openqa.selenium.remote.UnreachableBrowserException -->
          <reporter-output>
          </reporter-output>
        </test-method> <!-- VerifyTopNavlnks_HomeLoans -->
        <test-method status="FAIL" signature="teardown()[pri:0, instance:com.thomas.domain.testcases.VerifyTopNavlnks@6e8dacdf]" name="teardown" is-config="true" duration-ms="0" started-at="2016-01-25T07:43:04Z" finished-at="2016-01-25T07:43:04Z">
          <exception class="org.openqa.selenium.remote.UnreachableBrowserException">
            <message>
              <![CDATA[Error communicating with the remote browser. It may have died.
Build info: version: '2.49.1', revision: '808c23b0963853d375cbe54b90bbd052e2528a54', time: '2016-01-21 09:37:52'
System info: host: 'hp', ip: '192.168.1.7', os.name: 'Windows 10', os.arch: 'amd64', os.version: '10.0', java.version: '1.8.0_60'
Driver info: driver.version: RemoteWebDriver
Capabilities [{applicationCacheEnabled=true, rotatable=false, handlesAlerts=true, databaseEnabled=true, version=43.0.4, platform=WINDOWS, nativeEvents=false, acceptSslCerts=true, webStorageEnabled=true, locationContextEnabled=true, browserName=firefox, takesScreenshot=true, javascriptEnabled=true, cssSelectorsEnabled=true}]
Session ID: 1385c851-d01d-4962-83a2-72b99e41c5e8]]>
            </message>
            <full-stacktrace>
              <![CDATA[org.openqa.selenium.remote.UnreachableBrowserException: Error communicating with the remote browser. It may have died.
Build info: version: '2.49.1', revision: '808c23b0963853d375cbe54b90bbd052e2528a54', time: '2016-01-21 09:37:52'
System info: host: 'hp', ip: '192.168.1.7', os.name: 'Windows 10', os.arch: 'amd64', os.version: '10.0', java.version: '1.8.0_60'
Driver info: driver.version: RemoteWebDriver
Capabilities [{applicationCacheEnabled=true, rotatable=false, handlesAlerts=true, databaseEnabled=true, version=43.0.4, platform=WINDOWS, nativeEvents=false, acceptSslCerts=true, webStorageEnabled=true, locationContextEnabled=true, browserName=firefox, takesScreenshot=true, javascriptEnabled=true, cssSelectorsEnabled=true}]
Session ID: 1385c851-d01d-4962-83a2-72b99e41c5e8
	at org.openqa.selenium.remote.RemoteWebDriver.execute(RemoteWebDriver.java:665)
	at org.openqa.selenium.remote.RemoteWebDriver.execute(RemoteWebDriver.java:701)
	at org.openqa.selenium.remote.RemoteWebDriver.quit(RemoteWebDriver.java:526)
	at com.thomas.domain.testcases.VerifyTopNavlnks.teardown(VerifyTopNavlnks.java:498)
	at sun.reflect.NativeMethodAccessorImpl.invoke0(Native Method)
	at sun.reflect.NativeMethodAccessorImpl.invoke(NativeMethodAccessorImpl.java:62)
	at sun.reflect.DelegatingMethodAccessorImpl.invoke(DelegatingMethodAccessorImpl.java:43)
	at java.lang.reflect.Method.invoke(Method.java:497)
	at org.testng.internal.MethodInvocationHelper.invokeMethod(MethodInvocationHelper.java:85)
	at org.testng.internal.Invoker.invokeConfigurationMethod(Invoker.java:517)
	at org.testng.internal.Invoker.invokeConfigurations(Invoker.java:213)
	at org.testng.internal.Invoker.invokeMethod(Invoker.java:732)
	at org.testng.internal.Invoker.invokeTestMethod(Invoker.java:845)
	at org.testng.internal.Invoker.invokeTestMethods(Invoker.java:1153)
	at org.testng.internal.TestMethodWorker.invokeTestMethods(TestMethodWorker.java:125)
	at org.testng.internal.TestMethodWorker.run(TestMethodWorker.java:108)
	at org.testng.TestRunner.privateRun(TestRunner.java:771)
	at org.testng.TestRunner.run(TestRunner.java:621)
	at org.testng.SuiteRunner.runTest(SuiteRunner.java:357)
	at org.testng.SuiteRunner.runSequentially(SuiteRunner.java:352)
	at org.testng.SuiteRunner.privateRun(SuiteRunner.java:310)
	at org.testng.SuiteRunner.run(SuiteRunner.java:259)
	at org.testng.SuiteRunnerWorker.runSuite(SuiteRunnerWorker.java:52)
	at org.testng.SuiteRunnerWorker.run(SuiteRunnerWorker.java:86)
	at org.testng.TestNG.runSuitesSequentially(TestNG.java:1199)
	at org.testng.TestNG.runSuitesLocally(TestNG.java:1124)
	at org.testng.TestNG.run(TestNG.java:1032)
	at org.apache.maven.surefire.testng.TestNGExecutor.run(TestNGExecutor.java:217)
	at org.apache.maven.surefire.testng.TestNGXmlTestSuite.execute(TestNGXmlTestSuite.java:84)
	at org.apache.maven.surefire.testng.TestNGProvider.invoke(TestNGProvider.java:92)
	at org.apache.maven.surefire.booter.ForkedBooter.invokeProviderInSameClassLoader(ForkedBooter.java:200)
	at org.apache.maven.surefire.booter.ForkedBooter.runSuitesInProcess(ForkedBooter.java:153)
	at org.apache.maven.surefire.booter.ForkedBooter.main(ForkedBooter.java:103)
Caused by: org.apache.http.conn.HttpHostConnectException: Connect to 127.0.0.1:7055 [/127.0.0.1] failed: Connection refused: connect
	at org.apache.http.impl.conn.DefaultHttpClientConnectionOperator.connect(DefaultHttpClientConnectionOperator.java:151)
	at org.apache.http.impl.conn.PoolingHttpClientConnectionManager.connect(PoolingHttpClientConnectionManager.java:353)
	at org.apache.http.impl.execchain.MainClientExec.establishRoute(MainClientExec.java:380)
	at org.apache.http.impl.execchain.MainClientExec.execute(MainClientExec.java:236)
	at org.apache.http.impl.execchain.ProtocolExec.execute(ProtocolExec.java:184)
	at org.apache.http.impl.execchain.RetryExec.execute(RetryExec.java:88)
	at org.apache.http.impl.execchain.RedirectExec.execute(RedirectExec.java:110)
	at org.apache.http.impl.client.InternalHttpClient.doExecute(InternalHttpClient.java:184)
	at org.apache.http.impl.client.CloseableHttpClient.execute(CloseableHttpClient.java:71)
	at org.apache.http.impl.client.CloseableHttpClient.execute(CloseableHttpClient.java:55)
	at org.openqa.selenium.remote.internal.ApacheHttpClient.fallBackExecute(ApacheHttpClient.java:143)
	at org.openqa.selenium.remote.internal.ApacheHttpClient.execute(ApacheHttpClient.java:89)
	at org.openqa.selenium.remote.HttpCommandExecutor.execute(HttpCommandExecutor.java:142)
	at org.openqa.selenium.firefox.internal.NewProfileExtensionConnection.execute(NewProfileExtensionConnection.java:170)
	at org.openqa.selenium.firefox.FirefoxDriver$LazyCommandExecutor.execute(FirefoxDriver.java:380)
	at org.openqa.selenium.remote.RemoteWebDriver.execute(RemoteWebDriver.java:644)
	... 32 more
Caused by: java.net.ConnectException: Connection refused: connect
	at java.net.DualStackPlainSocketImpl.waitForConnect(Native Method)
	at java.net.DualStackPlainSocketImpl.socketConnect(DualStackPlainSocketImpl.java:85)
	at java.net.AbstractPlainSocketImpl.doConnect(AbstractPlainSocketImpl.java:350)
	at java.net.AbstractPlainSocketImpl.connectToAddress(AbstractPlainSocketImpl.java:206)
	at java.net.AbstractPlainSocketImpl.connect(AbstractPlainSocketImpl.java:188)
	at java.net.PlainSocketImpl.connect(PlainSocketImpl.java:172)
	at java.net.SocksSocketImpl.connect(SocksSocketImpl.java:392)
	at java.net.Socket.connect(Socket.java:589)
	at org.apache.http.conn.socket.PlainConnectionSocketFactory.connectSocket(PlainConnectionSocketFactory.java:74)
	at org.apache.http.impl.conn.DefaultHttpClientConnectionOperator.connect(DefaultHttpClientConnectionOperator.java:134)
	... 47 more
]]>
            </full-stacktrace>
          </exception> <!-- org.openqa.selenium.remote.UnreachableBrowserException -->
          <reporter-output>
          </reporter-output>
        </test-method> <!-- teardown -->
        <test-method status="SKIP" signature="setup()[pri:0, instance:com.thomas.domain.testcases.VerifyTopNavlnks@6e8dacdf]" name="setup" is-config="true" duration-ms="0" started-at="2016-01-25T07:43:05Z" finished-at="2016-01-25T07:43:05Z">
          <reporter-output>
          </reporter-output>
        </test-method> <!-- setup -->
        <test-method status="SKIP" signature="VerifyTopNavlnks_Homepriceguide()[pri:0, instance:com.thomas.domain.testcases.VerifyTopNavlnks@6e8dacdf]" name="VerifyTopNavlnks_Homepriceguide" duration-ms="0" started-at="2016-01-25T07:43:05Z" finished-at="2016-01-25T07:43:05Z">
          <reporter-output>
          </reporter-output>
        </test-method> <!-- VerifyTopNavlnks_Homepriceguide -->
        <test-method status="SKIP" signature="teardown()[pri:0, instance:com.thomas.domain.testcases.VerifyTopNavlnks@6e8dacdf]" name="teardown" is-config="true" duration-ms="0" started-at="2016-01-25T07:43:05Z" finished-at="2016-01-25T07:43:05Z">
          <reporter-output>
          </reporter-output>
        </test-method> <!-- teardown -->
        <test-method status="SKIP" signature="VerifyTopNavlnks_NewHomes()[pri:0, instance:com.thomas.domain.testcases.VerifyTopNavlnks@6e8dacdf]" name="VerifyTopNavlnks_NewHomes" duration-ms="0" started-at="2016-01-25T07:43:05Z" finished-at="2016-01-25T07:43:05Z">
          <reporter-output>
          </reporter-output>
        </test-method> <!-- VerifyTopNavlnks_NewHomes -->
        <test-method status="SKIP" signature="setup()[pri:0, instance:com.thomas.domain.testcases.VerifyTopNavlnks@6e8dacdf]" name="setup" is-config="true" duration-ms="0" started-at="2016-01-25T07:43:05Z" finished-at="2016-01-25T07:43:05Z">
          <reporter-output>
          </reporter-output>
        </test-method> <!-- setup -->
        <test-method status="SKIP" signature="teardown()[pri:0, instance:com.thomas.domain.testcases.VerifyTopNavlnks@6e8dacdf]" name="teardown" is-config="true" duration-ms="0" started-at="2016-01-25T07:43:05Z" finished-at="2016-01-25T07:43:05Z">
          <reporter-output>
          </reporter-output>
        </test-method> <!-- teardown -->
        <test-method status="SKIP" signature="setup()[pri:0, instance:com.thomas.domain.testcases.VerifyTopNavlnks@6e8dacdf]" name="setup" is-config="true" duration-ms="0" started-at="2016-01-25T07:43:05Z" finished-at="2016-01-25T07:43:05Z">
          <reporter-output>
          </reporter-output>
        </test-method> <!-- setup -->
        <test-method status="SKIP" signature="VerifyTopNavlnks_News()[pri:0, instance:com.thomas.domain.testcases.VerifyTopNavlnks@6e8dacdf]" name="VerifyTopNavlnks_News" duration-ms="0" started-at="2016-01-25T07:43:05Z" finished-at="2016-01-25T07:43:05Z">
          <reporter-output>
          </reporter-output>
        </test-method> <!-- VerifyTopNavlnks_News -->
        <test-method status="SKIP" signature="teardown()[pri:0, instance:com.thomas.domain.testcases.VerifyTopNavlnks@6e8dacdf]" name="teardown" is-config="true" duration-ms="0" started-at="2016-01-25T07:43:05Z" finished-at="2016-01-25T07:43:05Z">
          <reporter-output>
          </reporter-output>
        </test-method> <!-- teardown -->
        <test-method status="SKIP" signature="setup()[pri:0, instance:com.thomas.domain.testcases.VerifyTopNavlnks@6e8dacdf]" name="setup" is-config="true" duration-ms="0" started-at="2016-01-25T07:43:05Z" finished-at="2016-01-25T07:43:05Z">
          <reporter-output>
          </reporter-output>
        </test-method> <!-- setup -->
        <test-method status="SKIP" signature="VerifyTopNavlnks_Placeanad()[pri:0, instance:com.thomas.domain.testcases.VerifyTopNavlnks@6e8dacdf]" name="VerifyTopNavlnks_Placeanad" duration-ms="1" started-at="2016-01-25T07:43:05Z" finished-at="2016-01-25T07:43:05Z">
          <reporter-output>
          </reporter-output>
        </test-method> <!-- VerifyTopNavlnks_Placeanad -->
        <test-method status="SKIP" signature="teardown()[pri:0, instance:com.thomas.domain.testcases.VerifyTopNavlnks@6e8dacdf]" name="teardown" is-config="true" duration-ms="0" started-at="2016-01-25T07:43:05Z" finished-at="2016-01-25T07:43:05Z">
          <reporter-output>
          </reporter-output>
        </test-method> <!-- teardown -->
        <test-method status="SKIP" signature="setup()[pri:0, instance:com.thomas.domain.testcases.VerifyTopNavlnks@6e8dacdf]" name="setup" is-config="true" duration-ms="0" started-at="2016-01-25T07:43:05Z" finished-at="2016-01-25T07:43:05Z">
          <reporter-output>
          </reporter-output>
        </test-method> <!-- setup -->
        <test-method status="SKIP" signature="VerifyTopNavlnks_Rent()[pri:0, instance:com.thomas.domain.testcases.VerifyTopNavlnks@6e8dacdf]" name="VerifyTopNavlnks_Rent" duration-ms="0" started-at="2016-01-25T07:43:05Z" finished-at="2016-01-25T07:43:05Z">
          <reporter-output>
          </reporter-output>
        </test-method> <!-- VerifyTopNavlnks_Rent -->
        <test-method status="SKIP" signature="teardown()[pri:0, instance:com.thomas.domain.testcases.VerifyTopNavlnks@6e8dacdf]" name="teardown" is-config="true" duration-ms="0" started-at="2016-01-25T07:43:05Z" finished-at="2016-01-25T07:43:05Z">
          <reporter-output>
          </reporter-output>
        </test-method> <!-- teardown -->
        <test-method status="SKIP" signature="VerifyTopNavlnks_Share()[pri:0, instance:com.thomas.domain.testcases.VerifyTopNavlnks@6e8dacdf]" name="VerifyTopNavlnks_Share" duration-ms="0" started-at="2016-01-25T07:43:05Z" finished-at="2016-01-25T07:43:05Z">
          <reporter-output>
          </reporter-output>
        </test-method> <!-- VerifyTopNavlnks_Share -->
        <test-method status="SKIP" signature="setup()[pri:0, instance:com.thomas.domain.testcases.VerifyTopNavlnks@6e8dacdf]" name="setup" is-config="true" duration-ms="0" started-at="2016-01-25T07:43:05Z" finished-at="2016-01-25T07:43:05Z">
          <reporter-output>
          </reporter-output>
        </test-method> <!-- setup -->
        <test-method status="SKIP" signature="setup()[pri:0, instance:com.thomas.domain.testcases.VerifyTopNavlnks@6e8dacdf]" name="setup" is-config="true" duration-ms="0" started-at="2016-01-25T07:43:05Z" finished-at="2016-01-25T07:43:05Z">
          <reporter-output>
          </reporter-output>
        </test-method> <!-- setup -->
        <test-method status="SKIP" signature="teardown()[pri:0, instance:com.thomas.domain.testcases.VerifyTopNavlnks@6e8dacdf]" name="teardown" is-config="true" duration-ms="0" started-at="2016-01-25T07:43:05Z" finished-at="2016-01-25T07:43:05Z">
          <reporter-output>
          </reporter-output>
        </test-method> <!-- teardown -->
        <test-method status="SKIP" signature="VerifyTopNavlnks_Sold()[pri:0, instance:com.thomas.domain.testcases.VerifyTopNavlnks@6e8dacdf]" name="VerifyTopNavlnks_Sold" duration-ms="0" started-at="2016-01-25T07:43:05Z" finished-at="2016-01-25T07:43:05Z">
          <reporter-output>
          </reporter-output>
        </test-method> <!-- VerifyTopNavlnks_Sold -->
        <test-method status="SKIP" signature="teardown()[pri:0, instance:com.thomas.domain.testcases.VerifyTopNavlnks@6e8dacdf]" name="teardown" is-config="true" duration-ms="0" started-at="2016-01-25T07:43:05Z" finished-at="2016-01-25T07:43:05Z">
          <reporter-output>
          </reporter-output>
        </test-method> <!-- teardown -->
        <test-method status="SKIP" signature="VerifyTopNavlnks_Suburbprofiles()[pri:0, instance:com.thomas.domain.testcases.VerifyTopNavlnks@6e8dacdf]" name="VerifyTopNavlnks_Suburbprofiles" duration-ms="1" started-at="2016-01-25T07:43:05Z" finished-at="2016-01-25T07:43:05Z">
          <reporter-output>
          </reporter-output>
        </test-method> <!-- VerifyTopNavlnks_Suburbprofiles -->
        <test-method status="SKIP" signature="setup()[pri:0, instance:com.thomas.domain.testcases.VerifyTopNavlnks@6e8dacdf]" name="setup" is-config="true" duration-ms="0" started-at="2016-01-25T07:43:05Z" finished-at="2016-01-25T07:43:05Z">
          <reporter-output>
          </reporter-output>
        </test-method> <!-- setup -->
        <test-method status="SKIP" signature="teardown()[pri:0, instance:com.thomas.domain.testcases.VerifyTopNavlnks@6e8dacdf]" name="teardown" is-config="true" duration-ms="0" started-at="2016-01-25T07:43:05Z" finished-at="2016-01-25T07:43:05Z">
          <reporter-output>
          </reporter-output>
        </test-method> <!-- teardown -->
      </class> <!-- com.thomas.domain.testcases.VerifyTopNavlnks -->
    </test> <!-- Nopackage -->
  </suite> <!-- Suite1 -->
</testng-results>
